<?xml version="1.0" encoding="UTF-8"?>
<!-- Generated by org.testng.reporters.JUnitXMLReporter -->
<testsuite ignored="0" hostname="LAPTOP-TL8F9M4F" failures="2" tests="3" name="DreamPortal Functional Tests" time="18.248" errors="0" timestamp="2025-06-15T19:03:17 IST">
  <testcase classname="testCases.HomePageTest" name="verifyHomePage" time="10.989"/>
  <testcase classname="testCases.DiaryPageTest" name="verifyDiaryPageData" time="2.308">
    <failure type="java.lang.AssertionError" message="Diary page tab not opened.">
      <![CDATA[java.lang.AssertionError: Diary page tab not opened.
at testCases.DiaryPageTest.verifyDiaryPageData(DiaryPageTest.java:32)
at java.base/java.util.ArrayList.forEach(ArrayList.java:1511)
... Removed 28 stack frames]]>
    </failure>
  </testcase> <!-- verifyDiaryPageData -->
  <testcase classname="testCases.SummaryPageTest" name="verifySummaryData" time="0.274">
    <failure type="java.lang.ArrayIndexOutOfBoundsException" message="Index 2 out of bounds for length 1">
      <![CDATA[java.lang.ArrayIndexOutOfBoundsException: Index 2 out of bounds for length 1
at testCases.SummaryPageTest.verifySummaryData(SummaryPageTest.java:16)
at java.base/java.util.ArrayList.forEach(ArrayList.java:1511)
... Removed 27 stack frames]]>
    </failure>
  </testcase> <!-- verifySummaryData -->
</testsuite> <!-- DreamPortal Functional Tests -->
